{
  "stats": {
    "suites": 1,
    "tests": 10,
    "passes": 10,
    "pending": 0,
    "failures": 0,
    "start": "2024-06-20T08:33:34.662Z",
    "end": "2024-06-20T08:34:14.945Z",
    "duration": 40283,
    "testsRegistered": 10,
    "passPercent": 100,
    "pendingPercent": 0,
    "other": 0,
    "hasOther": false,
    "skipped": 0,
    "hasSkipped": false
  },
  "results": [
    {
      "uuid": "0fb03c79-4a14-4949-8e51-75d8d6ff3320",
      "title": "",
      "fullFile": "C:\\Users\\Bao To\\Documents\\code\\automationtask\\features\\swagLabs.feature",
      "file": "\\features\\swagLabs.feature",
      "beforeHooks": [],
      "afterHooks": [],
      "tests": [],
      "suites": [
        {
          "uuid": "3c67600a-b255-40bb-a196-e203647b19c9",
          "title": "Swag Labs",
          "fullFile": "C:\\Users\\Bao To\\Documents\\code\\automationtask\\features\\swagLabs.feature",
          "file": "\\features\\swagLabs.feature",
          "beforeHooks": [
            {
              "title": "\"before all\" hook: codeceptjs.beforeSuite in \"Swag Labs\"",
              "fullTitle": "Swag Labs \"before all\" hook: codeceptjs.beforeSuite in \"Swag Labs\"",
              "timedOut": false,
              "duration": 304,
              "state": null,
              "speed": null,
              "pass": false,
              "fail": false,
              "pending": false,
              "context": null,
              "code": "scenario.suiteSetup(suite)",
              "err": {},
              "uuid": "7137680e-c64c-4b16-972f-8404deff71d5",
              "parentUUID": "3c67600a-b255-40bb-a196-e203647b19c9",
              "isHook": true,
              "skipped": false
            },
            {
              "title": "\"before each\" hook: codeceptjs.before in \"Swag Labs\"",
              "fullTitle": "Swag Labs \"before each\" hook: codeceptjs.before in \"Swag Labs\"",
              "timedOut": false,
              "duration": 153,
              "state": null,
              "speed": null,
              "pass": false,
              "fail": false,
              "pending": false,
              "context": null,
              "code": "scenario.setup(suite)",
              "err": {},
              "uuid": "9373feba-bf38-4d4c-b3c0-012145c9f991",
              "parentUUID": "3c67600a-b255-40bb-a196-e203647b19c9",
              "isHook": true,
              "skipped": false
            }
          ],
          "afterHooks": [
            {
              "title": "\"after all\" hook: codeceptjs.afterSuite in \"Swag Labs\"",
              "fullTitle": "Swag Labs \"after all\" hook: codeceptjs.afterSuite in \"Swag Labs\"",
              "timedOut": false,
              "duration": 0,
              "state": null,
              "speed": null,
              "pass": false,
              "fail": false,
              "pending": false,
              "context": null,
              "code": "scenario.suiteTeardown(suite)",
              "err": {},
              "uuid": "3c7297a7-b6e7-4f55-85c5-111670f29a98",
              "parentUUID": "3c67600a-b255-40bb-a196-e203647b19c9",
              "isHook": true,
              "skipped": false
            },
            {
              "title": "\"after each\" hook: codeceptjs.after in \"Swag Labs\"",
              "fullTitle": "Swag Labs \"after each\" hook: codeceptjs.after in \"Swag Labs\"",
              "timedOut": false,
              "duration": 404,
              "state": null,
              "speed": null,
              "pass": false,
              "fail": false,
              "pending": false,
              "context": null,
              "code": "scenario.teardown(suite)",
              "err": {},
              "uuid": "4685f0e8-f35c-4bfa-8338-90552fe34f99",
              "parentUUID": "3c67600a-b255-40bb-a196-e203647b19c9",
              "isHook": true,
              "skipped": false
            }
          ],
          "tests": [
            {
              "title": "Successful Login",
              "fullTitle": "Swag Labs Successful Login",
              "timedOut": false,
              "duration": 2355,
              "state": "passed",
              "speed": "slow",
              "pass": true,
              "fail": false,
              "pending": false,
              "context": null,
              "code": "runSteps(child.scenario.steps)",
              "err": {},
              "uuid": "14cefdfb-a078-48b2-afb9-d482b8df0598",
              "parentUUID": "3c67600a-b255-40bb-a196-e203647b19c9",
              "isHook": false,
              "skipped": false
            },
            {
              "title": "Invalid Login",
              "fullTitle": "Swag Labs Invalid Login",
              "timedOut": false,
              "duration": 2052,
              "state": "passed",
              "speed": "slow",
              "pass": true,
              "fail": false,
              "pending": false,
              "context": null,
              "code": "runSteps(child.scenario.steps)",
              "err": {},
              "uuid": "eee7e53b-ee81-4ab1-a621-3fe576d84c59",
              "parentUUID": "3c67600a-b255-40bb-a196-e203647b19c9",
              "isHook": false,
              "skipped": false
            },
            {
              "title": "Logout Functionality",
              "fullTitle": "Swag Labs Logout Functionality",
              "timedOut": false,
              "duration": 3606,
              "state": "passed",
              "speed": "slow",
              "pass": true,
              "fail": false,
              "pending": false,
              "context": null,
              "code": "runSteps(child.scenario.steps)",
              "err": {},
              "uuid": "cbd5daed-296d-4826-9630-1032f038e3f9",
              "parentUUID": "3c67600a-b255-40bb-a196-e203647b19c9",
              "isHook": false,
              "skipped": false
            },
            {
              "title": "Add Product to Cart",
              "fullTitle": "Swag Labs Add Product to Cart",
              "timedOut": false,
              "duration": 2619,
              "state": "passed",
              "speed": "slow",
              "pass": true,
              "fail": false,
              "pending": false,
              "context": null,
              "code": "runSteps(child.scenario.steps)",
              "err": {},
              "uuid": "30f5d392-1bbd-42fb-a174-a4a0396db100",
              "parentUUID": "3c67600a-b255-40bb-a196-e203647b19c9",
              "isHook": false,
              "skipped": false
            },
            {
              "title": "Remove Product from Cart",
              "fullTitle": "Swag Labs Remove Product from Cart",
              "timedOut": false,
              "duration": 2946,
              "state": "passed",
              "speed": "slow",
              "pass": true,
              "fail": false,
              "pending": false,
              "context": null,
              "code": "runSteps(child.scenario.steps)",
              "err": {},
              "uuid": "028d671f-aa36-42ca-aa17-317d2e21a8c6",
              "parentUUID": "3c67600a-b255-40bb-a196-e203647b19c9",
              "isHook": false,
              "skipped": false
            },
            {
              "title": "View Product Details",
              "fullTitle": "Swag Labs View Product Details",
              "timedOut": false,
              "duration": 2116,
              "state": "passed",
              "speed": "slow",
              "pass": true,
              "fail": false,
              "pending": false,
              "context": null,
              "code": "runSteps(child.scenario.steps)",
              "err": {},
              "uuid": "9067e2ec-79d9-4e2f-acad-54ec1ec97143",
              "parentUUID": "3c67600a-b255-40bb-a196-e203647b19c9",
              "isHook": false,
              "skipped": false
            },
            {
              "title": "Checkout Process",
              "fullTitle": "Swag Labs Checkout Process",
              "timedOut": false,
              "duration": 3602,
              "state": "passed",
              "speed": "slow",
              "pass": true,
              "fail": false,
              "pending": false,
              "context": null,
              "code": "runSteps(child.scenario.steps)",
              "err": {},
              "uuid": "b99ec03b-74f5-45f9-9719-4bdc05f8a487",
              "parentUUID": "3c67600a-b255-40bb-a196-e203647b19c9",
              "isHook": false,
              "skipped": false
            },
            {
              "title": "Verify Sorted Product Prices",
              "fullTitle": "Swag Labs Verify Sorted Product Prices",
              "timedOut": false,
              "duration": 7126,
              "state": "passed",
              "speed": "slow",
              "pass": true,
              "fail": false,
              "pending": false,
              "context": null,
              "code": "runSteps(child.scenario.steps)",
              "err": {},
              "uuid": "d558f8ba-ede1-49a7-bafb-81e6070a3e97",
              "parentUUID": "3c67600a-b255-40bb-a196-e203647b19c9",
              "isHook": false,
              "skipped": false
            },
            {
              "title": "Verify Product Sorting - Name (Z to A)",
              "fullTitle": "Swag Labs Verify Product Sorting - Name (Z to A)",
              "timedOut": false,
              "duration": 3228,
              "state": "passed",
              "speed": "slow",
              "pass": true,
              "fail": false,
              "pending": false,
              "context": null,
              "code": "runSteps(child.scenario.steps)",
              "err": {},
              "uuid": "91dca68a-2798-4816-8536-2920e6236063",
              "parentUUID": "3c67600a-b255-40bb-a196-e203647b19c9",
              "isHook": false,
              "skipped": false
            },
            {
              "title": "Verify Product Sorting - Price (high to low)",
              "fullTitle": "Swag Labs Verify Product Sorting - Price (high to low)",
              "timedOut": false,
              "duration": 7055,
              "state": "passed",
              "speed": "slow",
              "pass": true,
              "fail": false,
              "pending": false,
              "context": null,
              "code": "runSteps(child.scenario.steps)",
              "err": {},
              "uuid": "3137790a-d365-4399-9722-4fb025c01345",
              "parentUUID": "3c67600a-b255-40bb-a196-e203647b19c9",
              "isHook": false,
              "skipped": false
            }
          ],
          "suites": [],
          "passes": [
            "14cefdfb-a078-48b2-afb9-d482b8df0598",
            "eee7e53b-ee81-4ab1-a621-3fe576d84c59",
            "cbd5daed-296d-4826-9630-1032f038e3f9",
            "30f5d392-1bbd-42fb-a174-a4a0396db100",
            "028d671f-aa36-42ca-aa17-317d2e21a8c6",
            "9067e2ec-79d9-4e2f-acad-54ec1ec97143",
            "b99ec03b-74f5-45f9-9719-4bdc05f8a487",
            "d558f8ba-ede1-49a7-bafb-81e6070a3e97",
            "91dca68a-2798-4816-8536-2920e6236063",
            "3137790a-d365-4399-9722-4fb025c01345"
          ],
          "failures": [],
          "pending": [],
          "skipped": [],
          "duration": 36705,
          "root": false,
          "rootEmpty": false,
          "_timeout": 0
        }
      ],
      "passes": [],
      "failures": [],
      "pending": [],
      "skipped": [],
      "duration": 0,
      "root": true,
      "rootEmpty": true,
      "_timeout": 0
    }
  ],
  "meta": {
    "mocha": {
      "version": "10.4.0"
    },
    "mochawesome": {
      "options": {
        "quiet": false,
        "reportFilename": "mochawesome",
        "saveHtml": true,
        "saveJson": true,
        "consoleReporter": "spec",
        "useInlineDiffs": false,
        "code": true
      },
      "version": "7.1.3"
    },
    "marge": {
      "options": {},
      "version": "6.2.0"
    }
  }
}