{
  "stats": {
    "suites": 1,
    "tests": 8,
    "passes": 8,
    "pending": 0,
    "failures": 0,
    "start": "2024-06-07T00:50:51.696Z",
    "end": "2024-06-07T00:51:28.637Z",
    "duration": 36941,
    "testsRegistered": 8,
    "passPercent": 100,
    "pendingPercent": 0,
    "other": 0,
    "hasOther": false,
    "skipped": 0,
    "hasSkipped": false
  },
  "results": [
    {
      "uuid": "01c622e8-866b-4645-80f8-ff1f838db6e9",
      "title": "",
      "fullFile": "C:\\Users\\Bao To\\Documents\\code\\automationtask\\features\\swagLabs.feature",
      "file": "\\features\\swagLabs.feature",
      "beforeHooks": [],
      "afterHooks": [],
      "tests": [],
      "suites": [
        {
          "uuid": "3c66d801-3b83-4f6b-a7dd-721ed59a5346",
          "title": "Swag Labs",
          "fullFile": "C:\\Users\\Bao To\\Documents\\code\\automationtask\\features\\swagLabs.feature",
          "file": "\\features\\swagLabs.feature",
          "beforeHooks": [
            {
              "title": "\"before all\" hook: codeceptjs.beforeSuite in \"Swag Labs\"",
              "fullTitle": "Swag Labs \"before all\" hook: codeceptjs.beforeSuite in \"Swag Labs\"",
              "timedOut": false,
              "duration": 889,
              "state": null,
              "speed": null,
              "pass": false,
              "fail": false,
              "pending": false,
              "context": null,
              "code": "scenario.suiteSetup(suite)",
              "err": {},
              "uuid": "a8ca894a-9fa0-4de0-bbf4-e0b2537c6b24",
              "parentUUID": "3c66d801-3b83-4f6b-a7dd-721ed59a5346",
              "isHook": true,
              "skipped": false
            },
            {
              "title": "\"before each\" hook: codeceptjs.before in \"Swag Labs\"",
              "fullTitle": "Swag Labs \"before each\" hook: codeceptjs.before in \"Swag Labs\"",
              "timedOut": false,
              "duration": 574,
              "state": null,
              "speed": null,
              "pass": false,
              "fail": false,
              "pending": false,
              "context": null,
              "code": "scenario.setup(suite)",
              "err": {},
              "uuid": "26f7e7b1-f9dc-4cd3-beb3-9715f60b1639",
              "parentUUID": "3c66d801-3b83-4f6b-a7dd-721ed59a5346",
              "isHook": true,
              "skipped": false
            }
          ],
          "afterHooks": [
            {
              "title": "\"after all\" hook: codeceptjs.afterSuite in \"Swag Labs\"",
              "fullTitle": "Swag Labs \"after all\" hook: codeceptjs.afterSuite in \"Swag Labs\"",
              "timedOut": false,
              "duration": 1,
              "state": null,
              "speed": null,
              "pass": false,
              "fail": false,
              "pending": false,
              "context": null,
              "code": "scenario.suiteTeardown(suite)",
              "err": {},
              "uuid": "0fa154bf-2a67-43a0-ae15-6744a62663fc",
              "parentUUID": "3c66d801-3b83-4f6b-a7dd-721ed59a5346",
              "isHook": true,
              "skipped": false
            },
            {
              "title": "\"after each\" hook: codeceptjs.after in \"Swag Labs\"",
              "fullTitle": "Swag Labs \"after each\" hook: codeceptjs.after in \"Swag Labs\"",
              "timedOut": false,
              "duration": 401,
              "state": null,
              "speed": null,
              "pass": false,
              "fail": false,
              "pending": false,
              "context": null,
              "code": "scenario.teardown(suite)",
              "err": {},
              "uuid": "5c222cf7-836f-4d11-a784-f06072d8ed6e",
              "parentUUID": "3c66d801-3b83-4f6b-a7dd-721ed59a5346",
              "isHook": true,
              "skipped": false
            }
          ],
          "tests": [
            {
              "title": "Successful Login",
              "fullTitle": "Swag Labs Successful Login",
              "timedOut": false,
              "duration": 3109,
              "state": "passed",
              "speed": "slow",
              "pass": true,
              "fail": false,
              "pending": false,
              "context": null,
              "code": "runSteps(child.scenario.steps)",
              "err": {},
              "uuid": "92e9bf1a-660e-4aee-ac19-e953740569a0",
              "parentUUID": "3c66d801-3b83-4f6b-a7dd-721ed59a5346",
              "isHook": false,
              "skipped": false
            },
            {
              "title": "Invalid Login",
              "fullTitle": "Swag Labs Invalid Login",
              "timedOut": false,
              "duration": 2183,
              "state": "passed",
              "speed": "slow",
              "pass": true,
              "fail": false,
              "pending": false,
              "context": null,
              "code": "runSteps(child.scenario.steps)",
              "err": {},
              "uuid": "43afe09b-d8a2-4d9a-b945-8fea21b60b07",
              "parentUUID": "3c66d801-3b83-4f6b-a7dd-721ed59a5346",
              "isHook": false,
              "skipped": false
            },
            {
              "title": "Logout Functionality",
              "fullTitle": "Swag Labs Logout Functionality",
              "timedOut": false,
              "duration": 3769,
              "state": "passed",
              "speed": "slow",
              "pass": true,
              "fail": false,
              "pending": false,
              "context": null,
              "code": "runSteps(child.scenario.steps)",
              "err": {},
              "uuid": "ecb34b03-7529-41f9-8002-e19518e9f7f3",
              "parentUUID": "3c66d801-3b83-4f6b-a7dd-721ed59a5346",
              "isHook": false,
              "skipped": false
            },
            {
              "title": "Add Product to Cart",
              "fullTitle": "Swag Labs Add Product to Cart",
              "timedOut": false,
              "duration": 2792,
              "state": "passed",
              "speed": "slow",
              "pass": true,
              "fail": false,
              "pending": false,
              "context": null,
              "code": "runSteps(child.scenario.steps)",
              "err": {},
              "uuid": "562ffb19-e71b-49ff-91aa-30a3e90f0d2a",
              "parentUUID": "3c66d801-3b83-4f6b-a7dd-721ed59a5346",
              "isHook": false,
              "skipped": false
            },
            {
              "title": "Remove Product from Cart",
              "fullTitle": "Swag Labs Remove Product from Cart",
              "timedOut": false,
              "duration": 3022,
              "state": "passed",
              "speed": "slow",
              "pass": true,
              "fail": false,
              "pending": false,
              "context": null,
              "code": "runSteps(child.scenario.steps)",
              "err": {},
              "uuid": "18f914ac-6f2f-4dc9-bff2-b44740d873ab",
              "parentUUID": "3c66d801-3b83-4f6b-a7dd-721ed59a5346",
              "isHook": false,
              "skipped": false
            },
            {
              "title": "View Product Details",
              "fullTitle": "Swag Labs View Product Details",
              "timedOut": false,
              "duration": 3951,
              "state": "passed",
              "speed": "slow",
              "pass": true,
              "fail": false,
              "pending": false,
              "context": null,
              "code": "runSteps(child.scenario.steps)",
              "err": {},
              "uuid": "0abf6f00-a445-4dd9-bba3-8902bc07a8c9",
              "parentUUID": "3c66d801-3b83-4f6b-a7dd-721ed59a5346",
              "isHook": false,
              "skipped": false
            },
            {
              "title": "Checkout Process",
              "fullTitle": "Swag Labs Checkout Process",
              "timedOut": false,
              "duration": 4924,
              "state": "passed",
              "speed": "slow",
              "pass": true,
              "fail": false,
              "pending": false,
              "context": null,
              "code": "runSteps(child.scenario.steps)",
              "err": {},
              "uuid": "25888630-1b85-4333-a354-09733ccdab83",
              "parentUUID": "3c66d801-3b83-4f6b-a7dd-721ed59a5346",
              "isHook": false,
              "skipped": false
            },
            {
              "title": "Verify Sorted Product Prices",
              "fullTitle": "Swag Labs Verify Sorted Product Prices",
              "timedOut": false,
              "duration": 7801,
              "state": "passed",
              "speed": "slow",
              "pass": true,
              "fail": false,
              "pending": false,
              "context": null,
              "code": "runSteps(child.scenario.steps)",
              "err": {},
              "uuid": "cdb0852a-6918-4b3a-8fe0-ed6c730ff887",
              "parentUUID": "3c66d801-3b83-4f6b-a7dd-721ed59a5346",
              "isHook": false,
              "skipped": false
            }
          ],
          "suites": [],
          "passes": [
            "92e9bf1a-660e-4aee-ac19-e953740569a0",
            "43afe09b-d8a2-4d9a-b945-8fea21b60b07",
            "ecb34b03-7529-41f9-8002-e19518e9f7f3",
            "562ffb19-e71b-49ff-91aa-30a3e90f0d2a",
            "18f914ac-6f2f-4dc9-bff2-b44740d873ab",
            "0abf6f00-a445-4dd9-bba3-8902bc07a8c9",
            "25888630-1b85-4333-a354-09733ccdab83",
            "cdb0852a-6918-4b3a-8fe0-ed6c730ff887"
          ],
          "failures": [],
          "pending": [],
          "skipped": [],
          "duration": 31551,
          "root": false,
          "rootEmpty": false,
          "_timeout": 0
        }
      ],
      "passes": [],
      "failures": [],
      "pending": [],
      "skipped": [],
      "duration": 0,
      "root": true,
      "rootEmpty": true,
      "_timeout": 0
    }
  ],
  "meta": {
    "mocha": {
      "version": "10.4.0"
    },
    "mochawesome": {
      "options": {
        "quiet": false,
        "reportFilename": "mochawesome",
        "saveHtml": true,
        "saveJson": true,
        "consoleReporter": "spec",
        "useInlineDiffs": false,
        "code": true
      },
      "version": "7.1.3"
    },
    "marge": {
      "options": {},
      "version": "6.2.0"
    }
  }
}